[0.124s] DEBUG:colcon:Command line arguments: ['/usr/bin/colcon', 'list', '-p', '--base-paths', '/home/sabrina/Downloads/Docker_Taurob']
[0.124s] DEBUG:colcon:Parsed command line arguments: Namespace(log_base=None, log_level=None, verb_name='list', build_base='build', ignore_user_meta=False, metas=['./colcon.meta'], base_paths=['/home/sabrina/Downloads/Docker_Taurob'], packages_ignore=None, packages_ignore_regex=None, paths=None, packages_up_to=None, packages_up_to_regex=None, packages_above=None, packages_above_and_dependencies=None, packages_above_depth=None, packages_select_by_dep=None, packages_skip_by_dep=None, packages_skip_up_to=None, packages_select_build_failed=False, packages_skip_build_finished=False, packages_select_test_failures=False, packages_skip_test_passed=False, packages_select=None, packages_skip=None, packages_select_regex=None, packages_skip_regex=None, packages_start=None, packages_end=None, allow_overriding=[], topological_order=False, names_only=False, paths_only=True, topological_graph=False, topological_graph_dot=False, topological_graph_density=False, topological_graph_legend=False, topological_graph_dot_cluster=False, topological_graph_dot_include_skipped=False, verb_parser=<colcon_defaults.argument_parser.defaults.DefaultArgumentsDecorator object at 0x7aaf1b94d360>, verb_extension=<colcon_package_information.verb.list.ListVerb object at 0x7aaf1b94c640>, main=<bound method ListVerb.main of <colcon_package_information.verb.list.ListVerb object at 0x7aaf1b94c640>>)
[0.313s] Level 1:colcon.colcon_core.package_discovery:discover_packages(colcon_meta) check parameters
[0.315s] Level 1:colcon.colcon_core.package_discovery:discover_packages(recursive) check parameters
[0.315s] Level 1:colcon.colcon_core.package_discovery:discover_packages(ignore) check parameters
[0.315s] Level 1:colcon.colcon_core.package_discovery:discover_packages(path) check parameters
[0.315s] Level 1:colcon.colcon_core.package_discovery:discover_packages(recursive) discover
[0.316s] INFO:colcon.colcon_core.package_discovery:Crawling recursively for packages in '/home/sabrina/Downloads/Docker_Taurob'
[0.316s] Level 1:colcon.colcon_core.package_identification:_identify(/home/sabrina/Downloads/Docker_Taurob) by extensions ['ignore', 'ignore_ament_install']
[0.316s] Level 1:colcon.colcon_core.package_identification:_identify(/home/sabrina/Downloads/Docker_Taurob) by extension 'ignore'
[0.316s] Level 1:colcon.colcon_core.package_identification:_identify(/home/sabrina/Downloads/Docker_Taurob) by extension 'ignore_ament_install'
[0.316s] Level 1:colcon.colcon_core.package_identification:_identify(/home/sabrina/Downloads/Docker_Taurob) by extensions ['colcon_pkg']
[0.316s] Level 1:colcon.colcon_core.package_identification:_identify(/home/sabrina/Downloads/Docker_Taurob) by extension 'colcon_pkg'
[0.316s] Level 1:colcon.colcon_core.package_identification:_identify(/home/sabrina/Downloads/Docker_Taurob) by extensions ['colcon_meta']
[0.316s] Level 1:colcon.colcon_core.package_identification:_identify(/home/sabrina/Downloads/Docker_Taurob) by extension 'colcon_meta'
[0.316s] Level 1:colcon.colcon_core.package_identification:_identify(/home/sabrina/Downloads/Docker_Taurob) by extensions ['ros']
[0.316s] Level 1:colcon.colcon_core.package_identification:_identify(/home/sabrina/Downloads/Docker_Taurob) by extension 'ros'
[0.330s] Level 1:colcon.colcon_core.package_identification:_identify(/home/sabrina/Downloads/Docker_Taurob) by extensions ['cmake', 'python']
[0.331s] Level 1:colcon.colcon_core.package_identification:_identify(/home/sabrina/Downloads/Docker_Taurob) by extension 'cmake'
[0.331s] Level 1:colcon.colcon_core.package_identification:_identify(/home/sabrina/Downloads/Docker_Taurob) by extension 'python'
[0.331s] Level 1:colcon.colcon_core.package_identification:_identify(/home/sabrina/Downloads/Docker_Taurob) by extensions ['python_setup_py']
[0.331s] Level 1:colcon.colcon_core.package_identification:_identify(/home/sabrina/Downloads/Docker_Taurob) by extension 'python_setup_py'
[0.331s] Level 1:colcon.colcon_core.package_identification:_identify(/home/sabrina/Downloads/Docker_Taurob/log) by extensions ['ignore', 'ignore_ament_install']
[0.331s] Level 1:colcon.colcon_core.package_identification:_identify(/home/sabrina/Downloads/Docker_Taurob/log) by extension 'ignore'
[0.331s] Level 1:colcon.colcon_core.package_identification:_identify(/home/sabrina/Downloads/Docker_Taurob/log) ignored
[0.331s] Level 1:colcon.colcon_core.package_identification:_identify(/home/sabrina/Downloads/Docker_Taurob/src) by extensions ['ignore', 'ignore_ament_install']
[0.332s] Level 1:colcon.colcon_core.package_identification:_identify(/home/sabrina/Downloads/Docker_Taurob/src) by extension 'ignore'
[0.332s] Level 1:colcon.colcon_core.package_identification:_identify(/home/sabrina/Downloads/Docker_Taurob/src) by extension 'ignore_ament_install'
[0.332s] Level 1:colcon.colcon_core.package_identification:_identify(/home/sabrina/Downloads/Docker_Taurob/src) by extensions ['colcon_pkg']
[0.332s] Level 1:colcon.colcon_core.package_identification:_identify(/home/sabrina/Downloads/Docker_Taurob/src) by extension 'colcon_pkg'
[0.332s] Level 1:colcon.colcon_core.package_identification:_identify(/home/sabrina/Downloads/Docker_Taurob/src) by extensions ['colcon_meta']
[0.332s] Level 1:colcon.colcon_core.package_identification:_identify(/home/sabrina/Downloads/Docker_Taurob/src) by extension 'colcon_meta'
[0.332s] Level 1:colcon.colcon_core.package_identification:_identify(/home/sabrina/Downloads/Docker_Taurob/src) by extensions ['ros']
[0.332s] Level 1:colcon.colcon_core.package_identification:_identify(/home/sabrina/Downloads/Docker_Taurob/src) by extension 'ros'
[0.332s] Level 1:colcon.colcon_core.package_identification:_identify(/home/sabrina/Downloads/Docker_Taurob/src) by extensions ['cmake', 'python']
[0.332s] Level 1:colcon.colcon_core.package_identification:_identify(/home/sabrina/Downloads/Docker_Taurob/src) by extension 'cmake'
[0.332s] Level 1:colcon.colcon_core.package_identification:_identify(/home/sabrina/Downloads/Docker_Taurob/src) by extension 'python'
[0.332s] Level 1:colcon.colcon_core.package_identification:_identify(/home/sabrina/Downloads/Docker_Taurob/src) by extensions ['python_setup_py']
[0.333s] Level 1:colcon.colcon_core.package_identification:_identify(/home/sabrina/Downloads/Docker_Taurob/src) by extension 'python_setup_py'
[0.333s] Level 1:colcon.colcon_core.package_identification:_identify(/home/sabrina/Downloads/Docker_Taurob/src/CSF) by extensions ['ignore', 'ignore_ament_install']
[0.333s] Level 1:colcon.colcon_core.package_identification:_identify(/home/sabrina/Downloads/Docker_Taurob/src/CSF) by extension 'ignore'
[0.333s] Level 1:colcon.colcon_core.package_identification:_identify(/home/sabrina/Downloads/Docker_Taurob/src/CSF) by extension 'ignore_ament_install'
[0.333s] Level 1:colcon.colcon_core.package_identification:_identify(/home/sabrina/Downloads/Docker_Taurob/src/CSF) by extensions ['colcon_pkg']
[0.333s] Level 1:colcon.colcon_core.package_identification:_identify(/home/sabrina/Downloads/Docker_Taurob/src/CSF) by extension 'colcon_pkg'
[0.333s] Level 1:colcon.colcon_core.package_identification:_identify(/home/sabrina/Downloads/Docker_Taurob/src/CSF) by extensions ['colcon_meta']
[0.333s] Level 1:colcon.colcon_core.package_identification:_identify(/home/sabrina/Downloads/Docker_Taurob/src/CSF) by extension 'colcon_meta'
[0.333s] Level 1:colcon.colcon_core.package_identification:_identify(/home/sabrina/Downloads/Docker_Taurob/src/CSF) by extensions ['ros']
[0.333s] Level 1:colcon.colcon_core.package_identification:_identify(/home/sabrina/Downloads/Docker_Taurob/src/CSF) by extension 'ros'
[0.334s] Level 1:colcon.colcon_core.package_identification:_identify(/home/sabrina/Downloads/Docker_Taurob/src/CSF) by extensions ['cmake', 'python']
[0.334s] Level 1:colcon.colcon_core.package_identification:_identify(/home/sabrina/Downloads/Docker_Taurob/src/CSF) by extension 'cmake'
[0.336s] Level 1:colcon.colcon_core.package_identification:_identify(/home/sabrina/Downloads/Docker_Taurob/src/CSF) by extension 'python'
[0.336s] DEBUG:colcon.colcon_core.package_identification:Package '/home/sabrina/Downloads/Docker_Taurob/src/CSF' with type 'cmake' and name 'CSF'
[0.336s] Level 1:colcon.colcon_core.package_identification:_identify(/home/sabrina/Downloads/Docker_Taurob/src/dynamic_lidar_detector) by extensions ['ignore', 'ignore_ament_install']
[0.336s] Level 1:colcon.colcon_core.package_identification:_identify(/home/sabrina/Downloads/Docker_Taurob/src/dynamic_lidar_detector) by extension 'ignore'
[0.336s] Level 1:colcon.colcon_core.package_identification:_identify(/home/sabrina/Downloads/Docker_Taurob/src/dynamic_lidar_detector) by extension 'ignore_ament_install'
[0.336s] Level 1:colcon.colcon_core.package_identification:_identify(/home/sabrina/Downloads/Docker_Taurob/src/dynamic_lidar_detector) by extensions ['colcon_pkg']
[0.336s] Level 1:colcon.colcon_core.package_identification:_identify(/home/sabrina/Downloads/Docker_Taurob/src/dynamic_lidar_detector) by extension 'colcon_pkg'
[0.337s] Level 1:colcon.colcon_core.package_identification:_identify(/home/sabrina/Downloads/Docker_Taurob/src/dynamic_lidar_detector) by extensions ['colcon_meta']
[0.337s] Level 1:colcon.colcon_core.package_identification:_identify(/home/sabrina/Downloads/Docker_Taurob/src/dynamic_lidar_detector) by extension 'colcon_meta'
[0.337s] Level 1:colcon.colcon_core.package_identification:_identify(/home/sabrina/Downloads/Docker_Taurob/src/dynamic_lidar_detector) by extensions ['ros']
[0.337s] Level 1:colcon.colcon_core.package_identification:_identify(/home/sabrina/Downloads/Docker_Taurob/src/dynamic_lidar_detector) by extension 'ros'
[0.340s] DEBUG:colcon.colcon_core.package_identification:Package '/home/sabrina/Downloads/Docker_Taurob/src/dynamic_lidar_detector' with type 'ros.catkin' and name 'dynamic_lidar_detector'
[0.340s] Level 1:colcon.colcon_core.package_identification:_identify(/home/sabrina/Downloads/Docker_Taurob/src/taurob_robots_description) by extensions ['ignore', 'ignore_ament_install']
[0.340s] Level 1:colcon.colcon_core.package_identification:_identify(/home/sabrina/Downloads/Docker_Taurob/src/taurob_robots_description) by extension 'ignore'
[0.340s] Level 1:colcon.colcon_core.package_identification:_identify(/home/sabrina/Downloads/Docker_Taurob/src/taurob_robots_description) by extension 'ignore_ament_install'
[0.340s] Level 1:colcon.colcon_core.package_identification:_identify(/home/sabrina/Downloads/Docker_Taurob/src/taurob_robots_description) by extensions ['colcon_pkg']
[0.340s] Level 1:colcon.colcon_core.package_identification:_identify(/home/sabrina/Downloads/Docker_Taurob/src/taurob_robots_description) by extension 'colcon_pkg'
[0.340s] Level 1:colcon.colcon_core.package_identification:_identify(/home/sabrina/Downloads/Docker_Taurob/src/taurob_robots_description) by extensions ['colcon_meta']
[0.340s] Level 1:colcon.colcon_core.package_identification:_identify(/home/sabrina/Downloads/Docker_Taurob/src/taurob_robots_description) by extension 'colcon_meta'
[0.340s] Level 1:colcon.colcon_core.package_identification:_identify(/home/sabrina/Downloads/Docker_Taurob/src/taurob_robots_description) by extensions ['ros']
[0.341s] Level 1:colcon.colcon_core.package_identification:_identify(/home/sabrina/Downloads/Docker_Taurob/src/taurob_robots_description) by extension 'ros'
[0.341s] DEBUG:colcon.colcon_core.package_identification:Package '/home/sabrina/Downloads/Docker_Taurob/src/taurob_robots_description' with type 'ros.catkin' and name 'taurob_robots_description'
[0.341s] Level 1:colcon.colcon_core.package_discovery:discover_packages(recursive) using defaults
